\BOOKMARK [0][-]{section*.2}{Sommario}{}% 1
\BOOKMARK [0][-]{section*.7}{Acronimi}{}% 2
\BOOKMARK [0][-]{section*.9}{Introduzione}{}% 3
\BOOKMARK [0][-]{chapter.1}{Inferenza\040Induttiva}{}% 4
\BOOKMARK [1][-]{section.1.1}{Apprendimento}{chapter.1}% 5
\BOOKMARK [2][-]{subsection.1.1.1}{Definire\040l'apprendimento}{section.1.1}% 6
\BOOKMARK [2][-]{subsection.1.1.2}{Una\040possibile\040schematizzazione}{section.1.1}% 7
\BOOKMARK [1][-]{section.1.2}{Induzione}{chapter.1}% 8
\BOOKMARK [2][-]{subsection.1.2.1}{Metodologia\040di\040ricerca\040induttiva}{section.1.2}% 9
\BOOKMARK [0][-]{chapter.2}{Inferenza\040Grammaticale}{}% 10
\BOOKMARK [1][-]{section.2.1}{Connotare\040l'IIR}{chapter.2}% 11
\BOOKMARK [1][-]{section.2.2}{Limiti\040dell'\040IIR}{chapter.2}% 12
\BOOKMARK [1][-]{section.2.3}{Passive\040learning}{chapter.2}% 13
\BOOKMARK [2][-]{subsection.2.3.1}{Ricerca\040nel\040reticolo}{section.2.3}% 14
\BOOKMARK [2][-]{subsection.2.3.2}{Algoritmi\040concreti}{section.2.3}% 15
\BOOKMARK [1][-]{section.2.4}{Active\040Learning}{chapter.2}% 16
\BOOKMARK [2][-]{subsection.2.4.1}{Active\040learning\040nell'\040Inferenza\040Induttiva\040Regolare}{section.2.4}% 17
\BOOKMARK [1][-]{section.2.5}{L*}{chapter.2}% 18
\BOOKMARK [2][-]{subsection.2.5.1}{Tabella\040di\040Osservazione}{section.2.5}% 19
\BOOKMARK [2][-]{subsection.2.5.2}{L'algoritmo}{section.2.5}% 20
\BOOKMARK [2][-]{subsection.2.5.3}{Il\040teacher}{section.2.5}% 21
\BOOKMARK [0][-]{chapter.3}{Observation\040Pack}{}% 22
\BOOKMARK [1][-]{section.3.1}{Fondamenti\040teorici}{chapter.3}% 23
\BOOKMARK [1][-]{section.3.2}{Costruzione\040dell'ipotesi}{chapter.3}% 24
\BOOKMARK [2][-]{subsection.3.2.1}{Tabella\040di\040osservazione\040localizzata}{section.3.2}% 25
\BOOKMARK [2][-]{subsection.3.2.2}{Discrimination\040tree}{section.3.2}% 26
\BOOKMARK [2][-]{subsection.3.2.3}{Observation\040Pack}{section.3.2}% 27
\BOOKMARK [1][-]{section.3.3}{Gestione\040Controesempio}{chapter.3}% 28
\BOOKMARK [2][-]{subsection.3.3.1}{Classificazione}{section.3.3}% 29
\BOOKMARK [2][-]{subsection.3.3.2}{Decomposizione\040controesempio}{section.3.3}% 30
\BOOKMARK [2][-]{subsection.3.3.3}{Metodi\040decomposizione\040controesempio}{section.3.3}% 31
\BOOKMARK [1][-]{section.3.4}{L'algoritmo}{chapter.3}% 32
\BOOKMARK [2][-]{subsection.3.4.1}{Funzionamento}{section.3.4}% 33
\BOOKMARK [2][-]{subsection.3.4.2}{Correttezza}{section.3.4}% 34
\BOOKMARK [2][-]{subsection.3.4.3}{Complessità computazionale}{section.3.4}% 35
\BOOKMARK [2][-]{subsection.3.4.4}{Discrimination\040tree\040vs\040Tabella\040di\040Osservazione\040localizzata}{section.3.4}% 36
\BOOKMARK [2][-]{subsection.3.4.5}{Teacher}{section.3.4}% 37
\BOOKMARK [1][-]{section.3.5}{Scelte\040Progettuali}{chapter.3}% 38
\BOOKMARK [0][-]{chapter.4}{OBP\040App.}{}% 39
\BOOKMARK [1][-]{section.4.1}{Precedenti\040lavori\040in\040letteratura}{chapter.4}% 40
\BOOKMARK [1][-]{section.4.2}{Funzionamento\040ObPA}{chapter.4}% 41
\BOOKMARK [2][-]{subsection.4.2.1}{Costruzione\040del\040classificatore}{section.4.2}% 42
\BOOKMARK [2][-]{subsection.4.2.2}{Aprrossimazione\040di\040EQ\040e\040MQ}{section.4.2}% 43
\BOOKMARK [1][-]{section.4.3}{Scelte\040Progettuali}{chapter.4}% 44
\BOOKMARK [0][-]{chapter.5}{Risultati\040sperimentali}{}% 45
\BOOKMARK [1][-]{section.5.1}{Dataset}{chapter.5}% 46
\BOOKMARK [2][-]{subsection.5.1.1}{Tomita\040Dataset}{section.5.1}% 47
\BOOKMARK [2][-]{subsection.5.1.2}{Dataset\040casuale}{section.5.1}% 48
\BOOKMARK [1][-]{section.5.2}{Gen.\040campioni\040da\040DFA}{chapter.5}% 49
\BOOKMARK [2][-]{subsection.5.2.1}{W-Method}{section.5.2}% 50
\BOOKMARK [2][-]{subsection.5.2.2}{Generazione\040dei\040campioni\040per\040SVM}{section.5.2}% 51
\BOOKMARK [2][-]{subsection.5.2.3}{Valutazione\040DFA\040inferito}{section.5.2}% 52
\BOOKMARK [2][-]{subsection.5.2.4}{Gen.\040camp.\040per\040EQ}{section.5.2}% 53
\BOOKMARK [1][-]{section.5.3}{ALtro}{chapter.5}% 54
\BOOKMARK [0][-]{section*.65}{Conclusioni}{}% 55
\BOOKMARK [0][-]{appendix.A}{Preliminari}{}% 56
\BOOKMARK [1][-]{section.A.1}{Notazione\040matematica}{appendix.A}% 57
\BOOKMARK [2][-]{subsection.A.1.1}{Insiemi}{section.A.1}% 58
\BOOKMARK [2][-]{subsection.A.1.2}{Relazione\040d'equivalenza}{section.A.1}% 59
\BOOKMARK [1][-]{section.A.2}{Linguaggi\040e\040grammatiche}{appendix.A}% 60
\BOOKMARK [2][-]{subsection.A.2.1}{Alfabeto,\040stringhe\040e\040linguaggi}{section.A.2}% 61
\BOOKMARK [2][-]{subsection.A.2.2}{Grammatiche}{section.A.2}% 62
\BOOKMARK [1][-]{section.A.3}{Automi\040a\040stati\040finiti}{appendix.A}% 63
\BOOKMARK [2][-]{subsection.A.3.1}{FSA\040particolari}{section.A.3}% 64
\BOOKMARK [2][-]{subsection.A.3.2}{Funzioni\040di\040output\040regolari}{section.A.3}% 65
\BOOKMARK [0][-]{appendix.B}{Prel.\040e\040impl.\040ObP}{}% 66
\BOOKMARK [1][-]{section.B.1}{Notazione\040specifica\040per\040l'ObP}{appendix.B}% 67
\BOOKMARK [2][-]{subsection.B.1.1}{Definizioni}{section.B.1}% 68
\BOOKMARK [2][-]{subsection.B.1.2}{Def.\040fram.}{section.B.1}% 69
\BOOKMARK [1][-]{section.B.2}{Dett.\040impl.\040ObP}{appendix.B}% 70
\BOOKMARK [0][-]{appendix.C}{SVM}{}% 71
\BOOKMARK [1][-]{section.C.1}{Overview\040teorica}{appendix.C}% 72
\BOOKMARK [2][-]{subsection.C.1.1}{Rischio\040Atteso}{section.C.1}% 73
\BOOKMARK [2][-]{subsection.C.1.2}{VC\040dimension}{section.C.1}% 74
\BOOKMARK [2][-]{subsection.C.1.3}{Structural\040Risk\040Minimization}{section.C.1}% 75
\BOOKMARK [1][-]{section.C.2}{SVM}{appendix.C}% 76
\BOOKMARK [2][-]{subsection.C.2.1}{Classificazione\040binaria}{section.C.2}% 77
\BOOKMARK [2][-]{subsection.C.2.2}{Classificatore\040a\040margine\040massimo}{section.C.2}% 78
\BOOKMARK [2][-]{subsection.C.2.3}{Soft\040Margin}{section.C.2}% 79
\BOOKMARK [2][-]{subsection.C.2.4}{Kernels}{section.C.2}% 80
\BOOKMARK [2][-]{subsection.C.2.5}{Versione\040soft\040margin\040kernelized}{section.C.2}% 81
\BOOKMARK [2][-]{subsection.C.2.6}{Globalità e unicità della soluzione}{section.C.2}% 82
\BOOKMARK [2][-]{subsection.C.2.7}{Dati\040non\040bilanciati}{section.C.2}% 83
\BOOKMARK [2][-]{subsection.C.2.8}{Algoritmo\040di\040ottimizzazione}{section.C.2}% 84
\BOOKMARK [1][-]{section.C.3}{SVMlight}{appendix.C}% 85
\BOOKMARK [2][-]{subsection.C.3.1}{Formato\040dei\040file}{section.C.3}% 86
\BOOKMARK [2][-]{subsection.C.3.2}{Parametri}{section.C.3}% 87
\BOOKMARK [0][-]{appendix.D}{Prel.\040add.\040class.}{}% 88
\BOOKMARK [1][-]{section.D.1}{Bias-Varianza\040tradeoff}{appendix.D}% 89
\BOOKMARK [1][-]{section.D.2}{Tecniche\040selezione\040class.}{appendix.D}% 90
\BOOKMARK [2][-]{subsection.D.2.1}{Holdout}{section.D.2}% 91
\BOOKMARK [2][-]{subsection.D.2.2}{Validazione\040incrociata}{section.D.2}% 92
\BOOKMARK [2][-]{subsection.D.2.3}{Algorithm\040selection}{section.D.2}% 93
\BOOKMARK [2][-]{subsection.D.2.4}{Boosting}{section.D.2}% 94
\BOOKMARK [1][-]{section.D.3}{Data\040Preprocessing}{appendix.D}% 95
\BOOKMARK [2][-]{subsection.D.3.1}{Codifiche}{section.D.3}% 96
\BOOKMARK [2][-]{subsection.D.3.2}{Scaling}{section.D.3}% 97
\BOOKMARK [2][-]{subsection.D.3.3}{Feature\040extraction}{section.D.3}% 98
\BOOKMARK [1][-]{section.D.4}{Addestrare\040una\040SVM}{appendix.D}% 99
\BOOKMARK [1][-]{section.D.5}{Misure}{appendix.D}% 100
\BOOKMARK [0][-]{section*.111}{Bibliografia}{}% 101
\BOOKMARK [0][-]{section*.113}{Indice\040analitico}{}% 102
